[2025-02-21T04:48:29.118+0000] {local_task_job_runner.py:123} INFO - ::group::Pre task execution logs
[2025-02-21T04:48:29.164+0000] {taskinstance.py:2613} INFO - Dependencies all met for dep_context=non-requeueable deps ti=<TaskInstance: postgres_example_v2.create_table scheduled__2025-02-20T00:00:00+00:00 [queued]>
[2025-02-21T04:48:29.192+0000] {taskinstance.py:2613} INFO - Dependencies all met for dep_context=requeueable deps ti=<TaskInstance: postgres_example_v2.create_table scheduled__2025-02-20T00:00:00+00:00 [queued]>
[2025-02-21T04:48:29.193+0000] {taskinstance.py:2866} INFO - Starting attempt 1 of 6
[2025-02-21T04:48:29.237+0000] {taskinstance.py:2889} INFO - Executing <Task(PostgresOperator): create_table> on 2025-02-20 00:00:00+00:00
[2025-02-21T04:48:29.261+0000] {logging_mixin.py:190} WARNING - /home/***/.local/lib/python3.12/site-packages/***/task/task_runner/standard_task_runner.py:70 DeprecationWarning: This process (pid=215) is multi-threaded, use of fork() may lead to deadlocks in the child.
[2025-02-21T04:48:29.263+0000] {standard_task_runner.py:72} INFO - Started process 233 to run task
[2025-02-21T04:48:29.270+0000] {standard_task_runner.py:104} INFO - Running: ['***', 'tasks', 'run', 'postgres_example_v2', 'create_table', 'scheduled__2025-02-20T00:00:00+00:00', '--job-id', '624', '--raw', '--subdir', 'DAGS_FOLDER/conpostgres.py', '--cfg-path', '/tmp/tmpala7lwnf']
[2025-02-21T04:48:29.273+0000] {standard_task_runner.py:105} INFO - Job 624: Subtask create_table
[2025-02-21T04:48:29.413+0000] {task_command.py:467} INFO - Running <TaskInstance: postgres_example_v2.create_table scheduled__2025-02-20T00:00:00+00:00 [running]> on host 063e621c401a
[2025-02-21T04:48:29.622+0000] {taskinstance.py:3132} INFO - Exporting env vars: AIRFLOW_CTX_DAG_OWNER='rithvik' AIRFLOW_CTX_DAG_ID='postgres_example_v2' AIRFLOW_CTX_TASK_ID='create_table' AIRFLOW_CTX_EXECUTION_DATE='2025-02-20T00:00:00+00:00' AIRFLOW_CTX_TRY_NUMBER='1' AIRFLOW_CTX_DAG_RUN_ID='scheduled__2025-02-20T00:00:00+00:00'
[2025-02-21T04:48:29.623+0000] {taskinstance.py:731} INFO - ::endgroup::
[2025-02-21T04:48:29.686+0000] {sql.py:278} INFO - Executing: 
        CREATE TABLE IF NOT EXISTS mt24061_example_table (
            id SERIAL PRIMARY KEY,
            name varchar NOT NULL
        );
        
[2025-02-21T04:48:29.718+0000] {base.py:84} INFO - Retrieving connection 'postgres'
[2025-02-21T04:48:29.750+0000] {base.py:84} INFO - Retrieving connection 'postgres'
[2025-02-21T04:48:29.834+0000] {sql.py:553} INFO - Running statement: 
        CREATE TABLE IF NOT EXISTS mt24061_example_table (
            id SERIAL PRIMARY KEY,
            name varchar NOT NULL
        );
        , parameters: None
[2025-02-21T04:48:29.888+0000] {taskinstance.py:340} INFO - ::group::Post task execution logs
[2025-02-21T04:48:29.888+0000] {taskinstance.py:352} INFO - Marking task as SUCCESS. dag_id=postgres_example_v2, task_id=create_table, run_id=scheduled__2025-02-20T00:00:00+00:00, execution_date=20250220T000000, start_date=20250221T044829, end_date=20250221T044829
[2025-02-21T04:48:29.939+0000] {local_task_job_runner.py:266} INFO - Task exited with return code 0
[2025-02-21T04:48:29.963+0000] {local_task_job_runner.py:245} INFO - ::endgroup::
